[0m11:27:33.469233 [debug] [MainThread]: Sending event: {'category': 'dbt', 'action': 'invocation', 'label': 'start', 'context': [<snowplow_tracker.self_describing_json.SelfDescribingJson object at 0x000001C1C6DE4390>, <snowplow_tracker.self_describing_json.SelfDescribingJson object at 0x000001C1C657E450>, <snowplow_tracker.self_describing_json.SelfDescribingJson object at 0x000001C1C68FFC10>]}


============================== 11:27:33.495162 | 87b893e6-4015-45da-b4a2-1d2a2944de65 ==============================
[0m11:27:33.495162 [info ] [MainThread]: Running with dbt=1.7.9
[0m11:27:33.495162 [debug] [MainThread]: running dbt with arguments {'introspect': 'True', 'cache_selected_only': 'False', 'log_path': 'logs', 'invocation_command': 'dbt init wiki_navigation', 'log_cache_events': 'False', 'write_json': 'True', 'printer_width': '80', 'version_check': 'True', 'static_parser': 'True', 'target_path': 'None', 'warn_error': 'None', 'send_anonymous_usage_stats': 'True', 'use_colors': 'True', 'quiet': 'False', 'warn_error_options': 'WarnErrorOptions(include=[], exclude=[])', 'partial_parse': 'True', 'log_format': 'default', 'profiles_dir': 'C:\\Users\\samom\\.dbt', 'use_experimental_parser': 'False', 'indirect_selection': 'eager', 'debug': 'False', 'fail_fast': 'False', 'no_print': 'None'}
[0m11:27:33.498117 [warn ] [MainThread]: [ConfigFolderDirectory]: Unable to parse dict {'dir': WindowsPath('C:/Users/samom/.dbt')}
[0m11:27:33.499131 [info ] [MainThread]: Creating dbt configuration folder at 
[0m11:27:33.503072 [debug] [MainThread]: Starter project path: C:\Users\samom\Documents\GitHub\wikipedia-clickstream-pipeline\.venv\Lib\site-packages\dbt\include\starter_project
[0m11:27:33.610641 [info ] [MainThread]: 
Your new dbt project "wiki_navigation" was created!

For more information on how to configure the profiles.yml file,
please consult the dbt documentation here:

  https://docs.getdbt.com/docs/configure-your-profile

One more thing:

Need help? Don't hesitate to reach out to us via GitHub issues or on Slack:

  https://community.getdbt.com/

Happy modeling!

[0m11:27:33.612383 [info ] [MainThread]: Setting up your profile.
[0m11:27:48.691650 [info ] [MainThread]: Profile wiki_navigation written to C:\Users\samom\.dbt\profiles.yml using target's sample configuration. Once updated, you'll be able to start developing with dbt.
[0m11:27:48.691650 [debug] [MainThread]: Command `dbt init` succeeded at 11:27:48.691650 after 15.34 seconds
[0m11:27:48.691650 [debug] [MainThread]: Sending event: {'category': 'dbt', 'action': 'invocation', 'label': 'end', 'context': [<snowplow_tracker.self_describing_json.SelfDescribingJson object at 0x000001C1C6215A90>, <snowplow_tracker.self_describing_json.SelfDescribingJson object at 0x000001C1C5618F10>, <snowplow_tracker.self_describing_json.SelfDescribingJson object at 0x000001C1BFFE4F90>]}
[0m11:27:48.691650 [debug] [MainThread]: Flushing usage events
[0m11:27:50.326591 [debug] [MainThread]: Error sending anonymous usage statistics. Disabling tracking for this execution. If you wish to permanently disable tracking, see: https://docs.getdbt.com/reference/global-configs#send-anonymous-usage-stats.
[0m11:28:23.562063 [debug] [MainThread]: Sending event: {'category': 'dbt', 'action': 'invocation', 'label': 'start', 'context': [<snowplow_tracker.self_describing_json.SelfDescribingJson object at 0x00000237F0B28E90>, <snowplow_tracker.self_describing_json.SelfDescribingJson object at 0x00000237ED7FCC10>, <snowplow_tracker.self_describing_json.SelfDescribingJson object at 0x00000237F0B23910>]}


============================== 11:28:23.562063 | 114158fd-5bf9-4be2-ac3c-e78666ad267c ==============================
[0m11:28:23.562063 [info ] [MainThread]: Running with dbt=1.7.9
[0m11:28:23.570581 [debug] [MainThread]: running dbt with arguments {'introspect': 'True', 'debug': 'False', 'log_path': 'logs', 'invocation_command': 'dbt debug', 'log_cache_events': 'False', 'write_json': 'True', 'version_check': 'True', 'printer_width': '80', 'target_path': 'None', 'static_parser': 'True', 'warn_error': 'None', 'quiet': 'False', 'use_colors': 'True', 'use_experimental_parser': 'False', 'profiles_dir': 'C:\\Users\\samom\\.dbt', 'log_format': 'default', 'warn_error_options': 'WarnErrorOptions(include=[], exclude=[])', 'partial_parse': 'True', 'send_anonymous_usage_stats': 'True', 'indirect_selection': 'eager', 'cache_selected_only': 'False', 'fail_fast': 'False', 'no_print': 'None'}
[0m11:28:23.571095 [info ] [MainThread]: dbt version: 1.7.9
[0m11:28:23.572903 [info ] [MainThread]: python version: 3.11.9
[0m11:28:23.572903 [info ] [MainThread]: python path: C:\Users\samom\Documents\GitHub\wikipedia-clickstream-pipeline\.venv\Scripts\python.exe
[0m11:28:23.576027 [info ] [MainThread]: os info: Windows-10-10.0.26200-SP0
[0m11:28:23.793003 [info ] [MainThread]: Using profiles dir at C:\Users\samom\.dbt
[0m11:28:23.793003 [info ] [MainThread]: Using profiles.yml file at C:\Users\samom\.dbt\profiles.yml
[0m11:28:23.793003 [info ] [MainThread]: Using dbt_project.yml file at C:\Users\samom\Documents\GitHub\wikipedia-clickstream-pipeline\dbt_project.yml
[0m11:28:23.800329 [info ] [MainThread]: adapter type: duckdb
[0m11:28:23.801371 [info ] [MainThread]: adapter version: 1.7.4
[0m11:28:23.803784 [info ] [MainThread]: Configuration:
[0m11:28:23.805119 [info ] [MainThread]:   profiles.yml file [[32mOK found and valid[0m]
[0m11:28:23.806799 [info ] [MainThread]:   dbt_project.yml file [[31mERROR not found[0m]
[0m11:28:23.807502 [info ] [MainThread]: Required dependencies:
[0m11:28:23.808569 [debug] [MainThread]: Executing "git --help"
[0m11:28:23.991316 [debug] [MainThread]: STDOUT: "b"usage: git [-v | --version] [-h | --help] [-C <path>] [-c <name>=<value>]\n           [--exec-path[=<path>]] [--html-path] [--man-path] [--info-path]\n           [-p | --paginate | -P | --no-pager] [--no-replace-objects] [--no-lazy-fetch]\n           [--no-optional-locks] [--no-advice] [--bare] [--git-dir=<path>]\n           [--work-tree=<path>] [--namespace=<name>] [--config-env=<name>=<envvar>]\n           <command> [<args>]\n\nThese are common Git commands used in various situations:\n\nstart a working area (see also: git help tutorial)\n   clone      Clone a repository into a new directory\n   init       Create an empty Git repository or reinitialize an existing one\n\nwork on the current change (see also: git help everyday)\n   add        Add file contents to the index\n   mv         Move or rename a file, a directory, or a symlink\n   restore    Restore working tree files\n   rm         Remove files from the working tree and from the index\n\nexamine the history and state (see also: git help revisions)\n   bisect     Use binary search to find the commit that introduced a bug\n   diff       Show changes between commits, commit and working tree, etc\n   grep       Print lines matching a pattern\n   log        Show commit logs\n   show       Show various types of objects\n   status     Show the working tree status\n\ngrow, mark and tweak your common history\n   backfill   Download missing objects in a partial clone\n   branch     List, create, or delete branches\n   commit     Record changes to the repository\n   history    EXPERIMENTAL: Rewrite history\n   merge      Join two or more development histories together\n   rebase     Reapply commits on top of another base tip\n   reset      Set `HEAD` or the index to a known state\n   switch     Switch branches\n   tag        Create, list, delete or verify tags\n\ncollaborate (see also: git help workflows)\n   fetch      Download objects and refs from another repository\n   pull       Fetch from and integrate with another repository or a local branch\n   push       Update remote refs along with associated objects\n\n'git help -a' and 'git help -g' list available subcommands and some\nconcept guides. See 'git help <command>' or 'git help <concept>'\nto read about a specific subcommand or concept.\nSee 'git help git' for an overview of the system.\n""
[0m11:28:23.991316 [debug] [MainThread]: STDERR: "b''"
[0m11:28:23.991316 [info ] [MainThread]:  - git [[32mOK found[0m]

[0m11:28:23.991316 [info ] [MainThread]: Connection:
[0m11:28:23.991316 [info ] [MainThread]:   database: dev
[0m11:28:23.991316 [info ] [MainThread]:   schema: main
[0m11:28:24.000163 [info ] [MainThread]:   path: dev.duckdb
[0m11:28:24.001207 [info ] [MainThread]:   config_options: None
[0m11:28:24.003400 [info ] [MainThread]:   extensions: None
[0m11:28:24.005092 [info ] [MainThread]:   settings: None
[0m11:28:24.005563 [info ] [MainThread]:   external_root: .
[0m11:28:24.007709 [info ] [MainThread]:   use_credential_provider: None
[0m11:28:24.009840 [info ] [MainThread]:   attach: None
[0m11:28:24.010347 [info ] [MainThread]:   filesystems: None
[0m11:28:24.011349 [info ] [MainThread]:   remote: None
[0m11:28:24.013426 [info ] [MainThread]:   plugins: None
[0m11:28:24.014587 [info ] [MainThread]:   disable_transactions: False
[0m11:28:24.015590 [info ] [MainThread]: Registered adapter: duckdb=1.7.4
[0m11:28:24.017591 [debug] [MainThread]: Acquiring new duckdb connection 'debug'
[0m11:28:24.018614 [debug] [MainThread]: Using duckdb connection "debug"
[0m11:28:24.019618 [debug] [MainThread]: On debug: select 1 as id
[0m11:28:24.020616 [debug] [MainThread]: Opening a new connection, currently in state init
[0m11:28:24.051396 [debug] [MainThread]: SQL status: OK in 0.0 seconds
[0m11:28:24.057153 [debug] [MainThread]: On debug: Close
[0m11:28:24.062858 [info ] [MainThread]:   Connection test: [[32mOK connection ok[0m]

[0m11:28:24.062858 [info ] [MainThread]: [31m1 check failed:[0m
[0m11:28:24.062858 [info ] [MainThread]: Project loading failed for the following reason:
 project path <C:\Users\samom\Documents\GitHub\wikipedia-clickstream-pipeline\dbt_project.yml> not found

[0m11:28:24.062858 [debug] [MainThread]: Command `dbt debug` failed at 11:28:24.062858 after 0.68 seconds
[0m11:28:24.070375 [debug] [MainThread]: Connection 'debug' was properly closed.
[0m11:28:24.071390 [debug] [MainThread]: Sending event: {'category': 'dbt', 'action': 'invocation', 'label': 'end', 'context': [<snowplow_tracker.self_describing_json.SelfDescribingJson object at 0x00000237F1C50C90>, <snowplow_tracker.self_describing_json.SelfDescribingJson object at 0x00000237EFFA5950>, <snowplow_tracker.self_describing_json.SelfDescribingJson object at 0x00000237F0603810>]}
[0m11:28:24.072749 [debug] [MainThread]: Flushing usage events
[0m11:28:25.660229 [debug] [MainThread]: Error sending anonymous usage statistics. Disabling tracking for this execution. If you wish to permanently disable tracking, see: https://docs.getdbt.com/reference/global-configs#send-anonymous-usage-stats.
{"data":{"log_version":3,"version":"=2.0.0-preview.175"},"info":{"category":"","code":"A001","extra":{},"invocation_id":"019e20e4-ba66-78c0-8f07-d465f47a2c16","level":"info","msg":"Running with dbt-fusion=2.0.0-preview.175","name":"MainReportVersion","pid":16524,"thread":"tokio-rt-worker","ts":"2026-05-13T10:32:01.473864Z"}}
{"data":{"args":{"debug":"false","invocation_command":"C:\\Users\\samom\\.local\\bin\\dbt.exe license info --json --log-format json","log_format":"json","quiet":"false","write_json":"true"}},"info":{"category":"","code":"A002","extra":{},"invocation_id":"019e20e4-ba66-78c0-8f07-d465f47a2c16","level":"debug","msg":"running dbt-fusion with arguments {\"command\":\"license\",\"vars\":\"{}\",\"limit\":\"10\",\"debug\":false,\"log_format\":\"json\",\"quiet\":false,\"write_json\":true,\"write_catalog\":false}","name":"MainReportArgs","pid":16524,"thread":"tokio-rt-worker","ts":"2026-05-13T10:32:01.474312Z"}}
{"data":{},"info":{"category":"","code":"","extra":{},"invocation_id":"019e20e4-ba66-78c0-8f07-d465f47a2c16","level":"debug","msg":"No active cloud project configured, skipping remote license","name":"Generic","pid":16524,"thread":"tokio-rt-worker","ts":"2026-05-13T10:32:01.499571Z"}}
{"data":{"columns":[],"is_inline":true,"node_name":"license_info","output_format":"json","preview":"{\n  \"status\": \"not_found\",\n  \"licensing_enabled\": true\n}","unique_id":"license.info"},"info":{"category":"","code":"Q041","extra":{},"invocation_id":"019e20e4-ba66-78c0-8f07-d465f47a2c16","level":"info","msg":"{\n  \"status\": \"not_found\",\n  \"licensing_enabled\": true\n}","name":"ShowNode","pid":16524,"thread":"tokio-rt-worker","ts":"2026-05-13T10:32:01.505318Z"}}
{"data":{"completed_at":"2026-05-13T10:32:01.892345Z","elapsed":0.42671820521354675,"success":true},"info":{"category":"","code":"Q039","extra":{},"invocation_id":"019e20e4-ba66-78c0-8f07-d465f47a2c16","level":"info","msg":"\n==================== Execution Summary =====================\nFinished 'license' successfully [426ms]","name":"CommandCompleted","pid":16524,"thread":"tokio-rt-worker","ts":"2026-05-13T10:32:01.898467Z"}}
